/usr/local/lib/python3.10/dist-packages/huggingface_hub/file_download.py:1150: FutureWarning: `resume_download` is deprecated and will be removed in version 1.0.0. Downloads always resume when possible. If you want to force a new download, use `force_download=True`.
  warnings.warn(
/usr/local/lib/python3.10/dist-packages/bitsandbytes/cuda_setup/main.py:149: UserWarning: /usr/lib64-nvidia did not contain ['libcudart.so', 'libcudart.so.11.0', 'libcudart.so.12.0'] as expected! Searching further paths...
  warn(msg)
/usr/local/lib/python3.10/dist-packages/bitsandbytes/cuda_setup/main.py:149: UserWarning: WARNING: The following directories listed in your path were found to be non-existent: {PosixPath('/sys/fs/cgroup/memory.events /var/colab/cgroup/jupyter-children/memory.events')}
  warn(msg)
/usr/local/lib/python3.10/dist-packages/bitsandbytes/cuda_setup/main.py:149: UserWarning: WARNING: The following directories listed in your path were found to be non-existent: {PosixPath('http'), PosixPath('8013'), PosixPath('//172.28.0.1')}
  warn(msg)
/usr/local/lib/python3.10/dist-packages/bitsandbytes/cuda_setup/main.py:149: UserWarning: WARNING: The following directories listed in your path were found to be non-existent: {PosixPath('--logtostderr --listen_host=172.28.0.12 --target_host=172.28.0.12 --tunnel_background_save_url=https'), PosixPath('//colab.research.google.com/tun/m/cc48301118ce562b961b3c22d803539adc1e0c19/gpu-t4-s-25hgucro3xnzp --tunnel_background_save_delay=10s --tunnel_periodic_background_save_frequency=30m0s --enable_output_coalescing=true --output_coalescing_required=true')}
  warn(msg)
/usr/local/lib/python3.10/dist-packages/bitsandbytes/cuda_setup/main.py:149: UserWarning: WARNING: The following directories listed in your path were found to be non-existent: {PosixPath('/datalab/web/pyright/typeshed-fallback/stdlib,/usr/local/lib/python3.10/dist-packages')}
  warn(msg)
/usr/local/lib/python3.10/dist-packages/bitsandbytes/cuda_setup/main.py:149: UserWarning: WARNING: The following directories listed in your path were found to be non-existent: {PosixPath('/env/python')}
  warn(msg)
/usr/local/lib/python3.10/dist-packages/bitsandbytes/cuda_setup/main.py:149: UserWarning: WARNING: The following directories listed in your path were found to be non-existent: {PosixPath('//ipykernel.pylab.backend_inline'), PosixPath('module')}
  warn(msg)
2024-10-20 23:19:11.894789: E external/local_xla/xla/stream_executor/cuda/cuda_fft.cc:485] Unable to register cuFFT factory: Attempting to register factory for plugin cuFFT when one has already been registered
2024-10-20 23:19:11.918227: E external/local_xla/xla/stream_executor/cuda/cuda_dnn.cc:8454] Unable to register cuDNN factory: Attempting to register factory for plugin cuDNN when one has already been registered
2024-10-20 23:19:11.926715: E external/local_xla/xla/stream_executor/cuda/cuda_blas.cc:1452] Unable to register cuBLAS factory: Attempting to register factory for plugin cuBLAS when one has already been registered
2024-10-20 23:19:13.473011: W tensorflow/compiler/tf2tensorrt/utils/py_utils.cc:38] TF-TRT Warning: Could not find TensorRT
Working with deepseek-ai/deepseek-coder-6.7b-instruct prompt type False...

===================================BUG REPORT===================================
Welcome to bitsandbytes. For bug reports, please run

python -m bitsandbytes

 and submit this information together with your error trace to: https://github.com/TimDettmers/bitsandbytes/issues
================================================================================
bin /usr/local/lib/python3.10/dist-packages/bitsandbytes/libbitsandbytes_cuda122.so
CUDA_SETUP: WARNING! libcudart.so not found in any environmental path. Searching in backup paths...
CUDA SETUP: CUDA runtime path found: /usr/local/cuda/lib64/libcudart.so
CUDA SETUP: Highest compute capability among GPUs detected: 7.5
CUDA SETUP: Detected CUDA version 122
CUDA SETUP: Loading binary /usr/local/lib/python3.10/dist-packages/bitsandbytes/libbitsandbytes_cuda122.so...
Loading checkpoint shards:   0%|          | 0/2 [00:00<?, ?it/s]Loading checkpoint shards:  50%|█████     | 1/2 [00:46<00:46, 46.96s/it]Loading checkpoint shards: 100%|██████████| 2/2 [01:03<00:00, 29.05s/it]Loading checkpoint shards: 100%|██████████| 2/2 [01:03<00:00, 31.74s/it]
Some weights of LlamaForCausalLM were not initialized from the model checkpoint at deepseek-ai/deepseek-coder-6.7b-instruct and are newly initialized: ['model.layers.1.self_attn.rotary_emb.inv_freq', 'model.layers.14.self_attn.rotary_emb.inv_freq', 'model.layers.16.self_attn.rotary_emb.inv_freq', 'model.layers.8.self_attn.rotary_emb.inv_freq', 'model.layers.10.self_attn.rotary_emb.inv_freq', 'model.layers.12.self_attn.rotary_emb.inv_freq', 'model.layers.30.self_attn.rotary_emb.inv_freq', 'model.layers.29.self_attn.rotary_emb.inv_freq', 'model.layers.25.self_attn.rotary_emb.inv_freq', 'model.layers.13.self_attn.rotary_emb.inv_freq', 'model.layers.7.self_attn.rotary_emb.inv_freq', 'model.layers.28.self_attn.rotary_emb.inv_freq', 'model.layers.0.self_attn.rotary_emb.inv_freq', 'model.layers.21.self_attn.rotary_emb.inv_freq', 'model.layers.3.self_attn.rotary_emb.inv_freq', 'model.layers.26.self_attn.rotary_emb.inv_freq', 'model.layers.2.self_attn.rotary_emb.inv_freq', 'model.layers.19.self_attn.rotary_emb.inv_freq', 'model.layers.22.self_attn.rotary_emb.inv_freq', 'model.layers.18.self_attn.rotary_emb.inv_freq', 'model.layers.6.self_attn.rotary_emb.inv_freq', 'model.layers.17.self_attn.rotary_emb.inv_freq', 'model.layers.23.self_attn.rotary_emb.inv_freq', 'model.layers.31.self_attn.rotary_emb.inv_freq', 'model.layers.5.self_attn.rotary_emb.inv_freq', 'model.layers.9.self_attn.rotary_emb.inv_freq', 'model.layers.15.self_attn.rotary_emb.inv_freq', 'model.layers.27.self_attn.rotary_emb.inv_freq', 'model.layers.20.self_attn.rotary_emb.inv_freq', 'model.layers.24.self_attn.rotary_emb.inv_freq', 'model.layers.4.self_attn.rotary_emb.inv_freq', 'model.layers.11.self_attn.rotary_emb.inv_freq']
You should probably TRAIN this model on a down-stream task to be able to use it for predictions and inference.
/usr/local/lib/python3.10/dist-packages/huggingface_hub/file_download.py:1150: FutureWarning: `resume_download` is deprecated and will be removed in version 1.0.0. Downloads always resume when possible. If you want to force a new download, use `force_download=True`.
  warnings.warn(
/usr/local/lib/python3.10/dist-packages/transformers/generation/utils.py:1270: UserWarning: You have modified the pretrained model configuration to control generation. This is a deprecated strategy to control generation and will be removed soon, in a future version. Please use a generation configuration file (see https://huggingface.co/docs/transformers/main_classes/text_generation )
  warnings.warn(
Output: ======================================= test session starts ========================================
platform linux -- Python 3.10.12, pytest-7.4.4, pluggy-1.5.0
rootdir: /content/CS598JBR-Team-9/MP2
plugins: cov-5.0.0, typeguard-4.3.0, anyio-3.7.1
collected 2 items

cov_test.py ..                                                                               [100%]

---------- coverage: platform linux, python 3.10.12-final-0 ----------
Coverage JSON written to file Coverage/HumanEval_10_crafted_report.json


======================================== 2 passed in 0.03s =========================================

Errors: 
Pytest with coverage ran successfully.
Coverage/HumanEval_10_crafted_report.json
Code coverage: 100.0%
Removed cov.py and cov_test.py
Task_ID HumanEval/10:
prompt:
You are an AI programming assistant. You are an AI programming assistant, utilizing the DeepSeek Coder model, developed by DeepSeek Company, and you only answer questions related to computer science. For politically sensitive questions, security and privacy issues, and other non-computer science questions, you will refuse to answer.

### Instruction:

Generate a pytest test suite for the following code.
Each test should be a single function.
Use Chain of Thoughts
Only write unit tests in the output and nothing else.


def is_palindrome(string: str) -> bool:
    """ Test if given string is a palindrome """
    return string == string[::-1]


def make_palindrome(string: str) -> str:
    """ Find the shortest palindrome that begins with a supplied string.
    Algorithm idea is simple:
    - Find the longest postfix of supplied string that is a palindrome.
    - Append to the end of the string reverse of a string prefix that comes before the palindromic suffix.
    >>> make_palindrome('')
    ''
    >>> make_palindrome('cat')
    'catac'
    >>> make_palindrome('cata')
    'catac'
    """

    if not string:
        return ''

    beginning_of_suffix = 0

    while not is_palindrome(string[beginning_of_suffix:]):
        beginning_of_suffix += 1

    return string + string[:beginning_of_suffix][::-1]

### Response:

response:
You are an AI programming assistant. You are an AI programming assistant, utilizing the DeepSeek Coder model, developed by DeepSeek Company, and you only answer questions related to computer science. For politically sensitive questions, security and privacy issues, and other non-computer science questions, you will refuse to answer.

### Instruction:

Generate a pytest test suite for the following code.
Each test should be a single function.
Use Chain of Thoughts
Only write unit tests in the output and nothing else.


def is_palindrome(string: str) -> bool:
    """ Test if given string is a palindrome """
    return string == string[::-1]


def make_palindrome(string: str) -> str:
    """ Find the shortest palindrome that begins with a supplied string.
    Algorithm idea is simple:
    - Find the longest postfix of supplied string that is a palindrome.
    - Append to the end of the string reverse of a string prefix that comes before the palindromic suffix.
    >>> make_palindrome('')
    ''
    >>> make_palindrome('cat')
    'catac'
    >>> make_palindrome('cata')
    'catac'
    """

    if not string:
        return ''

    beginning_of_suffix = 0

    while not is_palindrome(string[beginning_of_suffix:]):
        beginning_of_suffix += 1

    return string + string[:beginning_of_suffix][::-1]

### Response:
Sure, here is a pytest test suite for the given code:

```python
import pytest
from your_module import is_palindrome, make_palindrome

def test_is_palindrome():
    assert is_palindrome("radar") == True
    assert is_palindrome("python") == False
    assert is_palindrome("") == True

def test_make_palindrome():
    assert make_palindrome("cat") == "catac"
    assert make_palindrome("cata") == "catac"
    assert make_palindrome("") == ""
```

This test suite includes two tests:

1. `test_is_palindrome` tests the `is_palindrome` function with various inputs.
2. `test_make_palindrome` tests the `make_palindrome` function with various inputs.

Please replace `your_module` with the actual name of your module where these functions are defined.

coverage:
100.0
Output: ======================================= test session starts ========================================
platform linux -- Python 3.10.12, pytest-7.4.4, pluggy-1.5.0
rootdir: /content/CS598JBR-Team-9/MP2
plugins: cov-5.0.0, typeguard-4.3.0, anyio-3.7.1
collected 5 items

cov_test.py ..F.F                                                                            [100%]

============================================= FAILURES =============================================
________________________________ test_minSubArraySum_mixed_numbers _________________________________

    def test_minSubArraySum_mixed_numbers():
>       assert minSubArraySum([2, -3, 4, -1, 2, 4]) == 1
E       assert -3 == 1
E        +  where -3 = minSubArraySum([2, -3, 4, -1, 2, 4])

cov_test.py:8: AssertionError
_________________________________ test_minSubArraySum_empty_array __________________________________

    def test_minSubArraySum_empty_array():
>       assert minSubArraySum([]) == 0  # assuming the function should return 0 for an empty array

cov_test.py:12: 
_ _ _ _ _ _ _ _ _ _ _ _ _ _ _ _ _ _ _ _ _ _ _ _ _ _ _ _ _ _ _ _ _ _ _ _ _ _ _ _ _ _ _ _ _ _ _ _ _ _ 

nums = []

    def minSubArraySum(nums):
        """
        Given an array of integers nums, find the minimum sum of any non-empty sub-array
        of nums.
        Example
        minSubArraySum([2, 3, 4, 1, 2, 4]) == 1
        minSubArraySum([-1, -2, -3]) == -6
        """
    
        max_sum = 0
        s = 0
        for num in nums:
            s += -num
            if (s < 0):
                s = 0
            max_sum = max(s, max_sum)
        if max_sum == 0:
>           max_sum = max(-i for i in nums)
E           ValueError: max() arg is an empty sequence

cov.py:19: ValueError

---------- coverage: platform linux, python 3.10.12-final-0 ----------
Coverage JSON written to file Coverage/HumanEval_114_crafted_report.json

===================================== short test summary info ======================================
FAILED cov_test.py::test_minSubArraySum_mixed_numbers - assert -3 == 1
FAILED cov_test.py::test_minSubArraySum_empty_array - ValueError: max() arg is an empty sequence
=================================== 2 failed, 3 passed in 0.04s ====================================

Errors: 
Pytest failed with return code: 1
Coverage/HumanEval_114_crafted_report.json
Code coverage: 100.0%
Removed cov.py and cov_test.py
Task_ID HumanEval/114:
prompt:
You are an AI programming assistant. You are an AI programming assistant, utilizing the DeepSeek Coder model, developed by DeepSeek Company, and you only answer questions related to computer science. For politically sensitive questions, security and privacy issues, and other non-computer science questions, you will refuse to answer.

### Instruction:

Generate a pytest test suite for the following code.
Each test should be a single function.
Use Chain of Thoughts
Only write unit tests in the output and nothing else.

def minSubArraySum(nums):
    """
    Given an array of integers nums, find the minimum sum of any non-empty sub-array
    of nums.
    Example
    minSubArraySum([2, 3, 4, 1, 2, 4]) == 1
    minSubArraySum([-1, -2, -3]) == -6
    """

    max_sum = 0
    s = 0
    for num in nums:
        s += -num
        if (s < 0):
            s = 0
        max_sum = max(s, max_sum)
    if max_sum == 0:
        max_sum = max(-i for i in nums)
    min_sum = -max_sum
    return min_sum

### Response:

response:
You are an AI programming assistant. You are an AI programming assistant, utilizing the DeepSeek Coder model, developed by DeepSeek Company, and you only answer questions related to computer science. For politically sensitive questions, security and privacy issues, and other non-computer science questions, you will refuse to answer.

### Instruction:

Generate a pytest test suite for the following code.
Each test should be a single function.
Use Chain of Thoughts
Only write unit tests in the output and nothing else.

def minSubArraySum(nums):
    """
    Given an array of integers nums, find the minimum sum of any non-empty sub-array
    of nums.
    Example
    minSubArraySum([2, 3, 4, 1, 2, 4]) == 1
    minSubArraySum([-1, -2, -3]) == -6
    """

    max_sum = 0
    s = 0
    for num in nums:
        s += -num
        if (s < 0):
            s = 0
        max_sum = max(s, max_sum)
    if max_sum == 0:
        max_sum = max(-i for i in nums)
    min_sum = -max_sum
    return min_sum

### Response:
Sure, here is a pytest test suite for the given code:

```python
import pytest
from your_module import minSubArraySum  # replace 'your_module' with the name of your module

def test_minSubArraySum_positive_numbers():
    assert minSubArraySum([2, 3, 4, 1, 2, 4]) == 1

def test_minSubArraySum_negative_numbers():
    assert minSubArraySum([-1, -2, -3]) == -6

def test_minSubArraySum_mixed_numbers():
    assert minSubArraySum([2, -3, 4, -1, 2, 4]) == 1

def test_minSubArraySum_all_same_numbers():
    assert minSubArraySum([2, 2, 2, 2, 2, 2]) == 2

def test_minSubArraySum_empty_array():
    assert minSubArraySum([]) == 0  # assuming the function should return 0 for an empty array
```

Please replace 'your_module' with the name of your module where the function `minSubArraySum` is defined.

coverage:
100.0
Output: ======================================= test session starts ========================================
platform linux -- Python 3.10.12, pytest-7.4.4, pluggy-1.5.0
rootdir: /content/CS598JBR-Team-9/MP2
plugins: cov-5.0.0, typeguard-4.3.0, anyio-3.7.1
collected 3 items

cov_test.py ...                                                                              [100%]

---------- coverage: platform linux, python 3.10.12-final-0 ----------
Coverage JSON written to file Coverage/HumanEval_23_crafted_report.json


======================================== 3 passed in 0.03s =========================================

Errors: 
Pytest with coverage ran successfully.
Coverage/HumanEval_23_crafted_report.json
Code coverage: 100.0%
Removed cov.py and cov_test.py
Task_ID HumanEval/23:
prompt:
You are an AI programming assistant. You are an AI programming assistant, utilizing the DeepSeek Coder model, developed by DeepSeek Company, and you only answer questions related to computer science. For politically sensitive questions, security and privacy issues, and other non-computer science questions, you will refuse to answer.

### Instruction:

Generate a pytest test suite for the following code.
Each test should be a single function.
Use Chain of Thoughts
Only write unit tests in the output and nothing else.


def strlen(string: str) -> int:
    """ Return length of given string
    >>> strlen('')
    0
    >>> strlen('abc')
    3
    """

    return len(string)

### Response:

response:
You are an AI programming assistant. You are an AI programming assistant, utilizing the DeepSeek Coder model, developed by DeepSeek Company, and you only answer questions related to computer science. For politically sensitive questions, security and privacy issues, and other non-computer science questions, you will refuse to answer.

### Instruction:

Generate a pytest test suite for the following code.
Each test should be a single function.
Use Chain of Thoughts
Only write unit tests in the output and nothing else.


def strlen(string: str) -> int:
    """ Return length of given string
    >>> strlen('')
    0
    >>> strlen('abc')
    3
    """

    return len(string)

### Response:
Sure, here is a pytest test suite for the given code:

```python
import pytest
from your_module import strlen  # replace 'your_module' with the name of the module where strlen is defined

def test_strlen_empty_string():
    assert strlen('') == 0

def test_strlen_non_empty_string():
    assert strlen('abc') == 3

def test_strlen_non_string_input():
    with pytest.raises(TypeError):
        strlen(123)
```

This test suite includes three tests:

1. `test_strlen_empty_string` tests the function with an empty string.
2. `test_strlen_non_empty_string` tests the function with a non-empty string.
3. `test_strlen_non_string_input` tests the function with a non-string input. It expects a `TypeError` to be raised.

coverage:
100.0
Output: ======================================= test session starts ========================================
platform linux -- Python 3.10.12, pytest-7.4.4, pluggy-1.5.0
rootdir: /content/CS598JBR-Team-9/MP2
plugins: cov-5.0.0, typeguard-4.3.0, anyio-3.7.1
collected 3 items

cov_test.py ...                                                                              [100%]

---------- coverage: platform linux, python 3.10.12-final-0 ----------
Coverage JSON written to file Coverage/HumanEval_28_crafted_report.json


======================================== 3 passed in 0.03s =========================================

Errors: 
Pytest with coverage ran successfully.
Coverage/HumanEval_28_crafted_report.json
Code coverage: 100.0%
Removed cov.py and cov_test.py
Task_ID HumanEval/28:
prompt:
You are an AI programming assistant. You are an AI programming assistant, utilizing the DeepSeek Coder model, developed by DeepSeek Company, and you only answer questions related to computer science. For politically sensitive questions, security and privacy issues, and other non-computer science questions, you will refuse to answer.

### Instruction:

Generate a pytest test suite for the following code.
Each test should be a single function.
Use Chain of Thoughts
Only write unit tests in the output and nothing else.
from typing import List


def concatenate(strings: List[str]) -> str:
    """ Concatenate list of strings into a single string
    >>> concatenate([])
    ''
    >>> concatenate(['a', 'b', 'c'])
    'abc'
    """

    return ''.join(strings)

### Response:

response:
You are an AI programming assistant. You are an AI programming assistant, utilizing the DeepSeek Coder model, developed by DeepSeek Company, and you only answer questions related to computer science. For politically sensitive questions, security and privacy issues, and other non-computer science questions, you will refuse to answer.

### Instruction:

Generate a pytest test suite for the following code.
Each test should be a single function.
Use Chain of Thoughts
Only write unit tests in the output and nothing else.
from typing import List


def concatenate(strings: List[str]) -> str:
    """ Concatenate list of strings into a single string
    >>> concatenate([])
    ''
    >>> concatenate(['a', 'b', 'c'])
    'abc'
    """

    return ''.join(strings)

### Response:
Sure, here is a pytest test suite for the given code:

```python
import pytest
from your_module import concatenate

def test_concatenate_empty_list():
    assert concatenate([]) == ''

def test_concatenate_single_string():
    assert concatenate(['a']) == 'a'

def test_concatenate_multiple_strings():
    assert concatenate(['a', 'b', 'c']) == 'abc'
```

Please replace `your_module` with the actual name of the module where the `concatenate` function is defined.

coverage:
100.0
Output: ======================================= test session starts ========================================
platform linux -- Python 3.10.12, pytest-7.4.4, pluggy-1.5.0
rootdir: /content/CS598JBR-Team-9/MP2
plugins: cov-5.0.0, typeguard-4.3.0, anyio-3.7.1
collected 5 items

cov_test.py ....F                                                                            [100%]

============================================= FAILURES =============================================
_______________________________________ test_digits_negative _______________________________________

    def test_digits_negative():
>       assert digits(-123) == 1

cov_test.py:12: 
_ _ _ _ _ _ _ _ _ _ _ _ _ _ _ _ _ _ _ _ _ _ _ _ _ _ _ _ _ _ _ _ _ _ _ _ _ _ _ _ _ _ _ _ _ _ _ _ _ _ 

n = -123

    def digits(n):
        """Given a positive integer n, return the product of the odd digits.
        Return 0 if all digits are even.
        For example:
        digits(1)  == 1
        digits(4)  == 0
        digits(235) == 15
        """
    
        product = 1
        odd_count = 0
        for digit in str(n):
>           int_digit = int(digit)
E           ValueError: invalid literal for int() with base 10: '-'

cov.py:14: ValueError

---------- coverage: platform linux, python 3.10.12-final-0 ----------
Coverage JSON written to file Coverage/HumanEval_131_crafted_report.json

===================================== short test summary info ======================================
FAILED cov_test.py::test_digits_negative - ValueError: invalid literal for int() with base 10: '-'
=================================== 1 failed, 4 passed in 0.04s ====================================

Errors: 
Pytest failed with return code: 1
Coverage/HumanEval_131_crafted_report.json
Code coverage: 100.0%
Removed cov.py and cov_test.py
Task_ID HumanEval/131:
prompt:
You are an AI programming assistant. You are an AI programming assistant, utilizing the DeepSeek Coder model, developed by DeepSeek Company, and you only answer questions related to computer science. For politically sensitive questions, security and privacy issues, and other non-computer science questions, you will refuse to answer.

### Instruction:

Generate a pytest test suite for the following code.
Each test should be a single function.
Use Chain of Thoughts
Only write unit tests in the output and nothing else.

def digits(n):
    """Given a positive integer n, return the product of the odd digits.
    Return 0 if all digits are even.
    For example:
    digits(1)  == 1
    digits(4)  == 0
    digits(235) == 15
    """

    product = 1
    odd_count = 0
    for digit in str(n):
        int_digit = int(digit)
        if int_digit%2 == 1:
            product= product*int_digit
            odd_count+=1
    if odd_count ==0:
        return 0
    else:
        return product

### Response:

response:
You are an AI programming assistant. You are an AI programming assistant, utilizing the DeepSeek Coder model, developed by DeepSeek Company, and you only answer questions related to computer science. For politically sensitive questions, security and privacy issues, and other non-computer science questions, you will refuse to answer.

### Instruction:

Generate a pytest test suite for the following code.
Each test should be a single function.
Use Chain of Thoughts
Only write unit tests in the output and nothing else.

def digits(n):
    """Given a positive integer n, return the product of the odd digits.
    Return 0 if all digits are even.
    For example:
    digits(1)  == 1
    digits(4)  == 0
    digits(235) == 15
    """

    product = 1
    odd_count = 0
    for digit in str(n):
        int_digit = int(digit)
        if int_digit%2 == 1:
            product= product*int_digit
            odd_count+=1
    if odd_count ==0:
        return 0
    else:
        return product

### Response:
Sure, here is a pytest test suite for the given code:

```python
import pytest
from your_module import digits  # replace 'your_module' with the name of your module

def test_digits_1():
    assert digits(1) == 1

def test_digits_4():
    assert digits(4) == 0

def test_digits_235():
    assert digits(235) == 15

def test_digits_0():
    assert digits(0) == 0

def test_digits_negative():
    assert digits(-123) == 1
```

Please replace 'your_module' with the name of your module where the `digits` function is defined.

coverage:
100.0
Output: ======================================= test session starts ========================================
platform linux -- Python 3.10.12, pytest-7.4.4, pluggy-1.5.0
rootdir: /content/CS598JBR-Team-9/MP2
plugins: cov-5.0.0, typeguard-4.3.0, anyio-3.7.1
collected 4 items

cov_test.py ....                                                                             [100%]

---------- coverage: platform linux, python 3.10.12-final-0 ----------
Coverage JSON written to file Coverage/HumanEval_88_crafted_report.json


======================================== 4 passed in 0.03s =========================================

Errors: 
Pytest with coverage ran successfully.
Coverage/HumanEval_88_crafted_report.json
Code coverage: 100.0%
Removed cov.py and cov_test.py
Task_ID HumanEval/88:
prompt:
You are an AI programming assistant. You are an AI programming assistant, utilizing the DeepSeek Coder model, developed by DeepSeek Company, and you only answer questions related to computer science. For politically sensitive questions, security and privacy issues, and other non-computer science questions, you will refuse to answer.

### Instruction:

Generate a pytest test suite for the following code.
Each test should be a single function.
Use Chain of Thoughts
Only write unit tests in the output and nothing else.

def sort_array(array):
    """
    Given an array of non-negative integers, return a copy of the given array after sorting,
    you will sort the given array in ascending order if the sum( first index value, last index value) is odd,
    or sort it in descending order if the sum( first index value, last index value) is even.

    Note:
    * don't change the given array.

    Examples:
    * sort_array([]) => []
    * sort_array([5]) => [5]
    * sort_array([2, 4, 3, 0, 1, 5]) => [0, 1, 2, 3, 4, 5]
    * sort_array([2, 4, 3, 0, 1, 5, 6]) => [6, 5, 4, 3, 2, 1, 0]
    """

    return [] if len(array) == 0 else sorted(array, reverse= (array[0]+array[-1]) % 2 == 0) 

### Response:

response:
You are an AI programming assistant. You are an AI programming assistant, utilizing the DeepSeek Coder model, developed by DeepSeek Company, and you only answer questions related to computer science. For politically sensitive questions, security and privacy issues, and other non-computer science questions, you will refuse to answer.

### Instruction:

Generate a pytest test suite for the following code.
Each test should be a single function.
Use Chain of Thoughts
Only write unit tests in the output and nothing else.

def sort_array(array):
    """
    Given an array of non-negative integers, return a copy of the given array after sorting,
    you will sort the given array in ascending order if the sum( first index value, last index value) is odd,
    or sort it in descending order if the sum( first index value, last index value) is even.

    Note:
    * don't change the given array.

    Examples:
    * sort_array([]) => []
    * sort_array([5]) => [5]
    * sort_array([2, 4, 3, 0, 1, 5]) => [0, 1, 2, 3, 4, 5]
    * sort_array([2, 4, 3, 0, 1, 5, 6]) => [6, 5, 4, 3, 2, 1, 0]
    """

    return [] if len(array) == 0 else sorted(array, reverse= (array[0]+array[-1]) % 2 == 0) 

### Response:
Sure, here is a pytest test suite for the given code:

```python
import pytest
from your_module import sort_array  # replace 'your_module' with the name of your module

def test_sort_array_empty():
    assert sort_array([]) == []

def test_sort_array_single_element():
    assert sort_array([5]) == [5]

def test_sort_array_even_sum():
    assert sort_array([2, 4, 3, 0, 1, 5]) == [0, 1, 2, 3, 4, 5]

def test_sort_array_odd_sum():
    assert sort_array([2, 4, 3, 0, 1, 5, 6]) == [6, 5, 4, 3, 2, 1, 0]
```

Please replace 'your_module' with the name of your module where the `sort_array` function is defined.

coverage:
100.0
Output: ======================================= test session starts ========================================
platform linux -- Python 3.10.12, pytest-7.4.4, pluggy-1.5.0
rootdir: /content/CS598JBR-Team-9/MP2
plugins: cov-5.0.0, typeguard-4.3.0, anyio-3.7.1
collected 4 items

cov_test.py ....                                                                             [100%]

---------- coverage: platform linux, python 3.10.12-final-0 ----------
Coverage JSON written to file Coverage/HumanEval_110_crafted_report.json


======================================== 4 passed in 0.03s =========================================

Errors: 
Pytest with coverage ran successfully.
Coverage/HumanEval_110_crafted_report.json
Code coverage: 100.0%
Removed cov.py and cov_test.py
Task_ID HumanEval/110:
prompt:
You are an AI programming assistant. You are an AI programming assistant, utilizing the DeepSeek Coder model, developed by DeepSeek Company, and you only answer questions related to computer science. For politically sensitive questions, security and privacy issues, and other non-computer science questions, you will refuse to answer.

### Instruction:

Generate a pytest test suite for the following code.
Each test should be a single function.
Use Chain of Thoughts
Only write unit tests in the output and nothing else.

def exchange(lst1, lst2):
    """In this problem, you will implement a function that takes two lists of numbers,
    and determines whether it is possible to perform an exchange of elements
    between them to make lst1 a list of only even numbers.
    There is no limit on the number of exchanged elements between lst1 and lst2.
    If it is possible to exchange elements between the lst1 and lst2 to make
    all the elements of lst1 to be even, return "YES".
    Otherwise, return "NO".
    For example:
    exchange([1, 2, 3, 4], [1, 2, 3, 4]) => "YES"
    exchange([1, 2, 3, 4], [1, 5, 3, 4]) => "NO"
    It is assumed that the input lists will be non-empty.
    """

    odd = 0
    even = 0
    for i in lst1:
        if i%2 == 1:
            odd += 1
    for i in lst2:
        if i%2 == 0:
            even += 1
    if even >= odd:
        return "YES"
    return "NO"
            

### Response:

response:
You are an AI programming assistant. You are an AI programming assistant, utilizing the DeepSeek Coder model, developed by DeepSeek Company, and you only answer questions related to computer science. For politically sensitive questions, security and privacy issues, and other non-computer science questions, you will refuse to answer.

### Instruction:

Generate a pytest test suite for the following code.
Each test should be a single function.
Use Chain of Thoughts
Only write unit tests in the output and nothing else.

def exchange(lst1, lst2):
    """In this problem, you will implement a function that takes two lists of numbers,
    and determines whether it is possible to perform an exchange of elements
    between them to make lst1 a list of only even numbers.
    There is no limit on the number of exchanged elements between lst1 and lst2.
    If it is possible to exchange elements between the lst1 and lst2 to make
    all the elements of lst1 to be even, return "YES".
    Otherwise, return "NO".
    For example:
    exchange([1, 2, 3, 4], [1, 2, 3, 4]) => "YES"
    exchange([1, 2, 3, 4], [1, 5, 3, 4]) => "NO"
    It is assumed that the input lists will be non-empty.
    """

    odd = 0
    even = 0
    for i in lst1:
        if i%2 == 1:
            odd += 1
    for i in lst2:
        if i%2 == 0:
            even += 1
    if even >= odd:
        return "YES"
    return "NO"
            

### Response:
Sure, here is a pytest test suite for the given code:

```python
import pytest
from your_module import exchange  # replace with your actual module name

def test_exchange_all_even():
    assert exchange([2, 4, 6, 8], [1, 3, 5, 7]) == "YES"

def test_exchange_some_even():
    assert exchange([1, 2, 3, 4], [1, 2, 3, 4]) == "YES"

def test_exchange_impossible():
    assert exchange([1, 2, 3, 4], [1, 5, 3, 4]) == "NO"

def test_exchange_empty_lists():
    assert exchange([], []) == "YES"
```

This suite includes tests for the following scenarios:

1. All elements in the first list are even.
2. Some elements in the first list are even.
3. It's not possible to make all elements in the first list even.
4. Both lists are empty.

Please replace `your_module` with the actual name of your module.

coverage:
100.0
Output: ======================================= test session starts ========================================
platform linux -- Python 3.10.12, pytest-7.4.4, pluggy-1.5.0
rootdir: /content/CS598JBR-Team-9/MP2
plugins: cov-5.0.0, typeguard-4.3.0, anyio-3.7.1
collected 6 items

cov_test.py ....FF                                                                           [100%]

============================================= FAILURES =============================================
______________________________ test_unique_list_with_negative_numbers ______________________________

    def test_unique_list_with_negative_numbers():
>       assert unique([-1, -1, -2, -2, -3, -3]) == [-1, -2, -3]
E       assert [-3, -2, -1] == [-1, -2, -3]
E         At index 0 diff: -3 != -1
E         Use -v to get more diff

cov_test.py:12: AssertionError
____________________ test_unique_list_with_mixed_positive_and_negative_numbers _____________________

    def test_unique_list_with_mixed_positive_and_negative_numbers():
>       assert unique([-1, -1, 2, 2, -3, -3]) == [-1, 2, -3]
E       assert [-3, -1, 2] == [-1, 2, -3]
E         At index 0 diff: -3 != -1
E         Use -v to get more diff

cov_test.py:14: AssertionError

---------- coverage: platform linux, python 3.10.12-final-0 ----------
Coverage JSON written to file Coverage/HumanEval_34_crafted_report.json

===================================== short test summary info ======================================
FAILED cov_test.py::test_unique_list_with_negative_numbers - assert [-3, -2, -1] == [-1, -2, -3]
FAILED cov_test.py::test_unique_list_with_mixed_positive_and_negative_numbers - assert [-3, -1, 2...
=================================== 2 failed, 4 passed in 0.05s ====================================

Errors: 
Pytest failed with return code: 1
Coverage/HumanEval_34_crafted_report.json
Code coverage: 100.0%
Removed cov.py and cov_test.py
Task_ID HumanEval/34:
prompt:
You are an AI programming assistant. You are an AI programming assistant, utilizing the DeepSeek Coder model, developed by DeepSeek Company, and you only answer questions related to computer science. For politically sensitive questions, security and privacy issues, and other non-computer science questions, you will refuse to answer.

### Instruction:

Generate a pytest test suite for the following code.
Each test should be a single function.
Use Chain of Thoughts
Only write unit tests in the output and nothing else.


def unique(l: list):
    """Return sorted unique elements in a list
    >>> unique([5, 3, 5, 2, 3, 3, 9, 0, 123])
    [0, 2, 3, 5, 9, 123]
    """

    return sorted(list(set(l)))

### Response:

response:
You are an AI programming assistant. You are an AI programming assistant, utilizing the DeepSeek Coder model, developed by DeepSeek Company, and you only answer questions related to computer science. For politically sensitive questions, security and privacy issues, and other non-computer science questions, you will refuse to answer.

### Instruction:

Generate a pytest test suite for the following code.
Each test should be a single function.
Use Chain of Thoughts
Only write unit tests in the output and nothing else.


def unique(l: list):
    """Return sorted unique elements in a list
    >>> unique([5, 3, 5, 2, 3, 3, 9, 0, 123])
    [0, 2, 3, 5, 9, 123]
    """

    return sorted(list(set(l)))

### Response:
Sure, here is a pytest test suite for the given code:

```python
import pytest
from your_module import unique  # replace 'your_module' with the actual module name

def test_unique_empty_list():
    assert unique([]) == []

def test_unique_single_element_list():
    assert unique([5]) == [5]

def test_unique_multiple_elements_list():
    assert unique([5, 3, 5, 2, 3, 3, 9, 0, 123]) == [0, 2, 3, 5, 9, 123]

def test_unique_list_with_duplicates():
    assert unique([1, 1, 2, 2, 3, 3]) == [1, 2, 3]

def test_unique_list_with_negative_numbers():
    assert unique([-1, -1, -2, -2, -3, -3]) == [-1, -2, -3]

def test_unique_list_with_mixed_positive_and_negative_numbers():
    assert unique([-1, -1, 2, 2, -3, -3]) == [-1, 2, -3]
```

Please replace 'your_module' with the actual module name where the 'unique' function is defined.

coverage:
100.0
Output: ======================================= test session starts ========================================
platform linux -- Python 3.10.12, pytest-7.4.4, pluggy-1.5.0
rootdir: /content/CS598JBR-Team-9/MP2
plugins: cov-5.0.0, typeguard-4.3.0, anyio-3.7.1
collected 10 items

cov_test.py ..FF.FFFFF                                                                       [100%]

============================================= FAILURES =============================================
________________________________________ test_derivative_3 _________________________________________

    def test_derivative_3():
>       assert derivative([0, 1, 2, 3]) == [2, 6]
E       assert [1, 4, 9] == [2, 6]
E         At index 0 diff: 1 != 2
E         Left contains one more item: 9
E         Use -v to get more diff

cov_test.py:8: AssertionError
________________________________________ test_derivative_4 _________________________________________

    def test_derivative_4():
>       assert derivative([1, 0, 1, 2, 3]) == [0, 2, 6]
E       assert [0, 2, 6, 12] == [0, 2, 6]
E         Left contains one more item: 12
E         Use -v to get more diff

cov_test.py:10: AssertionError
________________________________________ test_derivative_6 _________________________________________

    def test_derivative_6():
>       assert derivative([1, 1]) == [2]
E       assert [1] == [2]
E         At index 0 diff: 1 != 2
E         Use -v to get more diff

cov_test.py:14: AssertionError
________________________________________ test_derivative_7 _________________________________________

    def test_derivative_7():
>       assert derivative([1, 1, 1]) == [2, 3]
E       assert [1, 2] == [2, 3]
E         At index 0 diff: 1 != 2
E         Use -v to get more diff

cov_test.py:16: AssertionError
________________________________________ test_derivative_8 _________________________________________

    def test_derivative_8():
>       assert derivative([1, 1, 1, 1]) == [2, 3, 4]
E       assert [1, 2, 3] == [2, 3, 4]
E         At index 0 diff: 1 != 2
E         Use -v to get more diff

cov_test.py:18: AssertionError
________________________________________ test_derivative_9 _________________________________________

    def test_derivative_9():
>       assert derivative([0, 0, 0]) == []
E       assert [0, 0] == []
E         Left contains 2 more items, first extra item: 0
E         Use -v to get more diff

cov_test.py:20: AssertionError
________________________________________ test_derivative_10 ________________________________________

    def test_derivative_10():
>       assert derivative([0, 0, 1, 2, 3]) == [0, 2, 6]
E       assert [0, 2, 6, 12] == [0, 2, 6]
E         Left contains one more item: 12
E         Use -v to get more diff

cov_test.py:22: AssertionError

---------- coverage: platform linux, python 3.10.12-final-0 ----------
Coverage JSON written to file Coverage/HumanEval_62_crafted_report.json

===================================== short test summary info ======================================
FAILED cov_test.py::test_derivative_3 - assert [1, 4, 9] == [2, 6]
FAILED cov_test.py::test_derivative_4 - assert [0, 2, 6, 12] == [0, 2, 6]
FAILED cov_test.py::test_derivative_6 - assert [1] == [2]
FAILED cov_test.py::test_derivative_7 - assert [1, 2] == [2, 3]
FAILED cov_test.py::test_derivative_8 - assert [1, 2, 3] == [2, 3, 4]
FAILED cov_test.py::test_derivative_9 - assert [0, 0] == []
FAILED cov_test.py::test_derivative_10 - assert [0, 2, 6, 12] == [0, 2, 6]
=================================== 7 failed, 3 passed in 0.07s ====================================

Errors: 
Pytest failed with return code: 1
Coverage/HumanEval_62_crafted_report.json
Code coverage: 100.0%
Removed cov.py and cov_test.py
Task_ID HumanEval/62:
prompt:
You are an AI programming assistant. You are an AI programming assistant, utilizing the DeepSeek Coder model, developed by DeepSeek Company, and you only answer questions related to computer science. For politically sensitive questions, security and privacy issues, and other non-computer science questions, you will refuse to answer.

### Instruction:

Generate a pytest test suite for the following code.
Each test should be a single function.
Use Chain of Thoughts
Only write unit tests in the output and nothing else.


def derivative(xs: list):
    """ xs represent coefficients of a polynomial.
    xs[0] + xs[1] * x + xs[2] * x^2 + ....
     Return derivative of this polynomial in the same form.
    >>> derivative([3, 1, 2, 4, 5])
    [1, 4, 12, 20]
    >>> derivative([1, 2, 3])
    [2, 6]
    """

    return [(i * x) for i, x in enumerate(xs)][1:]

### Response:

response:
You are an AI programming assistant. You are an AI programming assistant, utilizing the DeepSeek Coder model, developed by DeepSeek Company, and you only answer questions related to computer science. For politically sensitive questions, security and privacy issues, and other non-computer science questions, you will refuse to answer.

### Instruction:

Generate a pytest test suite for the following code.
Each test should be a single function.
Use Chain of Thoughts
Only write unit tests in the output and nothing else.


def derivative(xs: list):
    """ xs represent coefficients of a polynomial.
    xs[0] + xs[1] * x + xs[2] * x^2 + ....
     Return derivative of this polynomial in the same form.
    >>> derivative([3, 1, 2, 4, 5])
    [1, 4, 12, 20]
    >>> derivative([1, 2, 3])
    [2, 6]
    """

    return [(i * x) for i, x in enumerate(xs)][1:]

### Response:
Sure, here is a pytest test suite for the given code:

```python
import pytest
from your_module import derivative

def test_derivative_1():
    assert derivative([3, 1, 2, 4, 5]) == [1, 4, 12, 20]

def test_derivative_2():
    assert derivative([1, 2, 3]) == [2, 6]

def test_derivative_3():
    assert derivative([0, 1, 2, 3]) == [2, 6]

def test_derivative_4():
    assert derivative([1, 0, 1, 2, 3]) == [0, 2, 6]

def test_derivative_5():
    assert derivative([1]) == []

def test_derivative_6():
    assert derivative([1, 1]) == [2]

def test_derivative_7():
    assert derivative([1, 1, 1]) == [2, 3]

def test_derivative_8():
    assert derivative([1, 1, 1, 1]) == [2, 3, 4]

def test_derivative_9():
    assert derivative([0, 0, 0]) == []

def test_derivative_10():
    assert derivative([0, 0, 1, 2, 3]) == [0, 2, 6]
```

Please replace `your_module` with the actual name of the module where the `derivative` function is defined.

coverage:
100.0
Output: ======================================= test session starts ========================================
platform linux -- Python 3.10.12, pytest-7.4.4, pluggy-1.5.0
rootdir: /content/CS598JBR-Team-9/MP2
plugins: cov-5.0.0, typeguard-4.3.0, anyio-3.7.1
collected 3 items

cov_test.py .F.                                                                              [100%]

============================================= FAILURES =============================================
_____________________________________ test_strange_sort_list_2 _____________________________________

    def test_strange_sort_list_2():
>       assert strangelist([5, 5, 5, 5]) == [5, 5, 5, 5]
E       NameError: name 'strangelist' is not defined

cov_test.py:6: NameError

---------- coverage: platform linux, python 3.10.12-final-0 ----------
Coverage JSON written to file Coverage/HumanEval_70_crafted_report.json

===================================== short test summary info ======================================
FAILED cov_test.py::test_strange_sort_list_2 - NameError: name 'strangelist' is not defined
=================================== 1 failed, 2 passed in 0.04s ====================================

Errors: 
Pytest failed with return code: 1
Coverage/HumanEval_70_crafted_report.json
Code coverage: 100.0%
Removed cov.py and cov_test.py
Task_ID HumanEval/70:
prompt:
You are an AI programming assistant. You are an AI programming assistant, utilizing the DeepSeek Coder model, developed by DeepSeek Company, and you only answer questions related to computer science. For politically sensitive questions, security and privacy issues, and other non-computer science questions, you will refuse to answer.

### Instruction:

Generate a pytest test suite for the following code.
Each test should be a single function.
Use Chain of Thoughts
Only write unit tests in the output and nothing else.

def strange_sort_list(lst):
    '''
    Given list of integers, return list in strange order.
    Strange sorting, is when you start with the minimum value,
    then maximum of the remaining integers, then minimum and so on.

    Examples:
    strange_sort_list([1, 2, 3, 4]) == [1, 4, 2, 3]
    strange_sort_list([5, 5, 5, 5]) == [5, 5, 5, 5]
    strange_sort_list([]) == []
    '''

    res, switch = [], True
    while lst:
        res.append(min(lst) if switch else max(lst))
        lst.remove(res[-1])
        switch = not switch
    return res

### Response:

response:
You are an AI programming assistant. You are an AI programming assistant, utilizing the DeepSeek Coder model, developed by DeepSeek Company, and you only answer questions related to computer science. For politically sensitive questions, security and privacy issues, and other non-computer science questions, you will refuse to answer.

### Instruction:

Generate a pytest test suite for the following code.
Each test should be a single function.
Use Chain of Thoughts
Only write unit tests in the output and nothing else.

def strange_sort_list(lst):
    '''
    Given list of integers, return list in strange order.
    Strange sorting, is when you start with the minimum value,
    then maximum of the remaining integers, then minimum and so on.

    Examples:
    strange_sort_list([1, 2, 3, 4]) == [1, 4, 2, 3]
    strange_sort_list([5, 5, 5, 5]) == [5, 5, 5, 5]
    strange_sort_list([]) == []
    '''

    res, switch = [], True
    while lst:
        res.append(min(lst) if switch else max(lst))
        lst.remove(res[-1])
        switch = not switch
    return res

### Response:
Sure, here is a pytest test suite for the given code:

```python
import pytest
from your_module import strange_sort_list  # replace with your actual module name

def test_strange_sort_list_1():
    assert strange_sort_list([1, 2, 3, 4]) == [1, 4, 2, 3]

def test_strange_sort_list_2():
    assert strangelist([5, 5, 5, 5]) == [5, 5, 5, 5]

def test_strange_sort_list_3():
    assert strange_sort_list([]) == []
```

Please replace `your_module` with the actual name of your module.

coverage:
100.0
Output: ======================================= test session starts ========================================
platform linux -- Python 3.10.12, pytest-7.4.4, pluggy-1.5.0
rootdir: /content/CS598JBR-Team-9/MP2
plugins: cov-5.0.0, typeguard-4.3.0, anyio-3.7.1
collected 4 items

cov_test.py ....                                                                             [100%]

---------- coverage: platform linux, python 3.10.12-final-0 ----------
Coverage JSON written to file Coverage/HumanEval_115_crafted_report.json


======================================== 4 passed in 0.04s =========================================

Errors: 
Pytest with coverage ran successfully.
Coverage/HumanEval_115_crafted_report.json
Code coverage: 100.0%
Removed cov.py and cov_test.py
Task_ID HumanEval/115:
prompt:
You are an AI programming assistant. You are an AI programming assistant, utilizing the DeepSeek Coder model, developed by DeepSeek Company, and you only answer questions related to computer science. For politically sensitive questions, security and privacy issues, and other non-computer science questions, you will refuse to answer.

### Instruction:

Generate a pytest test suite for the following code.
Each test should be a single function.
Use Chain of Thoughts
Only write unit tests in the output and nothing else.

def max_fill(grid, capacity):
    import math
    """
    You are given a rectangular grid of wells. Each row represents a single well,
    and each 1 in a row represents a single unit of water.
    Each well has a corresponding bucket that can be used to extract water from it, 
    and all buckets have the same capacity.
    Your task is to use the buckets to empty the wells.
    Output the number of times you need to lower the buckets.

    Example 1:
        Input: 
            grid : [[0,0,1,0], [0,1,0,0], [1,1,1,1]]
            bucket_capacity : 1
        Output: 6

    Example 2:
        Input: 
            grid : [[0,0,1,1], [0,0,0,0], [1,1,1,1], [0,1,1,1]]
            bucket_capacity : 2
        Output: 5
    
    Example 3:
        Input: 
            grid : [[0,0,0], [0,0,0]]
            bucket_capacity : 5
        Output: 0

    Constraints:
        * all wells have the same length
        * 1 <= grid.length <= 10^2
        * 1 <= grid[:,1].length <= 10^2
        * grid[i][j] -> 0 | 1
        * 1 <= capacity <= 10
    """

    return sum([math.ceil(sum(arr)/capacity) for arr in grid])

### Response:

response:
You are an AI programming assistant. You are an AI programming assistant, utilizing the DeepSeek Coder model, developed by DeepSeek Company, and you only answer questions related to computer science. For politically sensitive questions, security and privacy issues, and other non-computer science questions, you will refuse to answer.

### Instruction:

Generate a pytest test suite for the following code.
Each test should be a single function.
Use Chain of Thoughts
Only write unit tests in the output and nothing else.

def max_fill(grid, capacity):
    import math
    """
    You are given a rectangular grid of wells. Each row represents a single well,
    and each 1 in a row represents a single unit of water.
    Each well has a corresponding bucket that can be used to extract water from it, 
    and all buckets have the same capacity.
    Your task is to use the buckets to empty the wells.
    Output the number of times you need to lower the buckets.

    Example 1:
        Input: 
            grid : [[0,0,1,0], [0,1,0,0], [1,1,1,1]]
            bucket_capacity : 1
        Output: 6

    Example 2:
        Input: 
            grid : [[0,0,1,1], [0,0,0,0], [1,1,1,1], [0,1,1,1]]
            bucket_capacity : 2
        Output: 5
    
    Example 3:
        Input: 
            grid : [[0,0,0], [0,0,0]]
            bucket_capacity : 5
        Output: 0

    Constraints:
        * all wells have the same length
        * 1 <= grid.length <= 10^2
        * 1 <= grid[:,1].length <= 10^2
        * grid[i][j] -> 0 | 1
        * 1 <= capacity <= 10
    """

    return sum([math.ceil(sum(arr)/capacity) for arr in grid])

### Response:
Sure, here is a pytest test suite for the given code:

```python
import pytest
from your_module import max_fill  # replace 'your_module' with the name of your module

def test_max_fill_example1():
    grid = [[0,0,1,0], [0,1,0,0], [1,1,1,1]]
    capacity = 1
    assert max_fill(grid, capacity) == 6

def test_max_fill_example2():
    grid = [[0,0,1,1], [0,0,0,0], [1,1,1,1], [0,1,1,1]]
    capacity = 2
    assert max_fill(grid, capacity) == 5

def test_max_fill_example3():
    grid = [[0,0,0], [0,0,0]]
    capacity = 5
    assert max_fill(grid, capacity) == 0

def test_max_fill_constraints():
    grid = [[0,0,1,1], [0,0,0,0], [1,1,1,1], [0,1,1,1]]
    capacity = 2
    assert max_fill(grid, capacity) <= 10**2
```

Please replace 'your_module' with the name of your module where the `max_fill` function is defined.

coverage:
100.0
Output: ======================================= test session starts ========================================
platform linux -- Python 3.10.12, pytest-7.4.4, pluggy-1.5.0
rootdir: /content/CS598JBR-Team-9/MP2
plugins: cov-5.0.0, typeguard-4.3.0, anyio-3.7.1
collected 5 items

cov_test.py .....                                                                            [100%]

---------- coverage: platform linux, python 3.10.12-final-0 ----------
Coverage JSON written to file Coverage/HumanEval_0_crafted_report.json


======================================== 5 passed in 0.06s =========================================

Errors: 
Pytest with coverage ran successfully.
Coverage/HumanEval_0_crafted_report.json
Code coverage: 100.0%
Removed cov.py and cov_test.py
Task_ID HumanEval/0:
prompt:
You are an AI programming assistant. You are an AI programming assistant, utilizing the DeepSeek Coder model, developed by DeepSeek Company, and you only answer questions related to computer science. For politically sensitive questions, security and privacy issues, and other non-computer science questions, you will refuse to answer.

### Instruction:

Generate a pytest test suite for the following code.
Each test should be a single function.
Use Chain of Thoughts
Only write unit tests in the output and nothing else.
from typing import List


def has_close_elements(numbers: List[float], threshold: float) -> bool:
    """ Check if in given list of numbers, are any two numbers closer to each other than
    given threshold.
    >>> has_close_elements([1.0, 2.0, 3.0], 0.5)
    False
    >>> has_close_elements([1.0, 2.8, 3.0, 4.0, 5.0, 2.0], 0.3)
    True
    """

    for idx, elem in enumerate(numbers):
        for idx2, elem2 in enumerate(numbers):
            if idx != idx2:
                distance = abs(elem - elem2)
                if distance < threshold:
                    return True

    return False

### Response:

response:
You are an AI programming assistant. You are an AI programming assistant, utilizing the DeepSeek Coder model, developed by DeepSeek Company, and you only answer questions related to computer science. For politically sensitive questions, security and privacy issues, and other non-computer science questions, you will refuse to answer.

### Instruction:

Generate a pytest test suite for the following code.
Each test should be a single function.
Use Chain of Thoughts
Only write unit tests in the output and nothing else.
from typing import List


def has_close_elements(numbers: List[float], threshold: float) -> bool:
    """ Check if in given list of numbers, are any two numbers closer to each other than
    given threshold.
    >>> has_close_elements([1.0, 2.0, 3.0], 0.5)
    False
    >>> has_close_elements([1.0, 2.8, 3.0, 4.0, 5.0, 2.0], 0.3)
    True
    """

    for idx, elem in enumerate(numbers):
        for idx2, elem2 in enumerate(numbers):
            if idx != idx2:
                distance = abs(elem - elem2)
                if distance < threshold:
                    return True

    return False

### Response:
Sure, here is a pytest test suite for the given code:

```python
import pytest
from has_close_elements import has_close_elements

def test_has_close_elements_no_close_elements():
    assert not has_close_elements([1.0, 2.0, 3.0], 0.5)

def test_has_close_elements_close_elements():
    assert has_close_elements([1.0, 2.8, 3.0, 4.0, 5.0, 2.0], 0.3)

def test_has_close_elements_close_elements_at_start():
    assert has_close_elements([1.0, 2.0, 3.0, 4.0, 5.0, 2.0], 0.3)

def test_has_close_elements_close_elements_at_end():
    assert has_close_elements([1.0, 2.0, 3.0, 4.0, 5.0, 2.8], 0.3)

def test_has_close_elements_close_elements_at_middle():
    assert has_close_elements([1.0, 2.0, 2.8, 3.0, 4.0, 5.0], 0.3)
```

These tests cover different scenarios:

- No close elements: The function should return False when there are no elements closer to each other than the given threshold.
- Close elements: The function should return True when there are elements closer to each other than the given threshold.
- Close elements at start: The function should return True when there are elements closer to each other than the given threshold at the start of the list.
- Close elements at end: The function should return True when there are elements closer to each other than the given threshold at the end of the list.
- Close elements at middle: The function should return True when there are elements closer to each other than the given threshold in the middle of the list.

coverage:
100.0
Output: ======================================= test session starts ========================================
platform linux -- Python 3.10.12, pytest-7.4.4, pluggy-1.5.0
rootdir: /content/CS598JBR-Team-9/MP2
plugins: cov-5.0.0, typeguard-4.3.0, anyio-3.7.1
collected 5 items

cov_test.py .....                                                                            [100%]

---------- coverage: platform linux, python 3.10.12-final-0 ----------
Coverage JSON written to file Coverage/HumanEval_56_crafted_report.json


======================================== 5 passed in 0.04s =========================================

Errors: 
Pytest with coverage ran successfully.
Coverage/HumanEval_56_crafted_report.json
Code coverage: 100.0%
Removed cov.py and cov_test.py
Task_ID HumanEval/56:
prompt:
You are an AI programming assistant. You are an AI programming assistant, utilizing the DeepSeek Coder model, developed by DeepSeek Company, and you only answer questions related to computer science. For politically sensitive questions, security and privacy issues, and other non-computer science questions, you will refuse to answer.

### Instruction:

Generate a pytest test suite for the following code.
Each test should be a single function.
Use Chain of Thoughts
Only write unit tests in the output and nothing else.


def correct_bracketing(brackets: str):
    """ brackets is a string of "<" and ">".
    return True if every opening bracket has a corresponding closing bracket.

    >>> correct_bracketing("<")
    False
    >>> correct_bracketing("<>")
    True
    >>> correct_bracketing("<<><>>")
    True
    >>> correct_bracketing("><<>")
    False
    """

    depth = 0
    for b in brackets:
        if b == "<":
            depth += 1
        else:
            depth -= 1
        if depth < 0:
            return False
    return depth == 0

### Response:

response:
You are an AI programming assistant. You are an AI programming assistant, utilizing the DeepSeek Coder model, developed by DeepSeek Company, and you only answer questions related to computer science. For politically sensitive questions, security and privacy issues, and other non-computer science questions, you will refuse to answer.

### Instruction:

Generate a pytest test suite for the following code.
Each test should be a single function.
Use Chain of Thoughts
Only write unit tests in the output and nothing else.


def correct_bracketing(brackets: str):
    """ brackets is a string of "<" and ">".
    return True if every opening bracket has a corresponding closing bracket.

    >>> correct_bracketing("<")
    False
    >>> correct_bracketing("<>")
    True
    >>> correct_bracketing("<<><>>")
    True
    >>> correct_bracketing("><<>")
    False
    """

    depth = 0
    for b in brackets:
        if b == "<":
            depth += 1
        else:
            depth -= 1
        if depth < 0:
            return False
    return depth == 0

### Response:
Sure, here is a pytest test suite for the given code:

```python
import pytest
from your_module import correct_bracketing  # replace with your actual module

def test_correct_bracketing_single_open():
    assert not correct_bracketing("<")

def test_correct_bracketing_single_close():
    assert not correct_bracketing(">")

def test_correct_bracketing_balanced():
    assert correct_bracketing("<>")

def test_correct_bracketing_nested():
    assert correct_bracketing("<<><>>")

def test_correct_bracketing_unbalanced():
    assert not correct_bracketing("><<>")
```

Please replace `your_module` with the actual name of your Python module where the `correct_bracketing` function is defined.

coverage:
100.0
Output: ======================================= test session starts ========================================
platform linux -- Python 3.10.12, pytest-7.4.4, pluggy-1.5.0
rootdir: /content/CS598JBR-Team-9/MP2
plugins: cov-5.0.0, typeguard-4.3.0, anyio-3.7.1
collected 1 item

cov_test.py .                                                                                [100%]

---------- coverage: platform linux, python 3.10.12-final-0 ----------
Coverage JSON written to file Coverage/HumanEval_118_crafted_report.json


======================================== 1 passed in 0.04s =========================================

Errors: 
Pytest with coverage ran successfully.
Coverage/HumanEval_118_crafted_report.json
Code coverage: 100.0%
Removed cov.py and cov_test.py
Task_ID HumanEval/118:
prompt:
You are an AI programming assistant. You are an AI programming assistant, utilizing the DeepSeek Coder model, developed by DeepSeek Company, and you only answer questions related to computer science. For politically sensitive questions, security and privacy issues, and other non-computer science questions, you will refuse to answer.

### Instruction:

Generate a pytest test suite for the following code.
Each test should be a single function.
Use Chain of Thoughts
Only write unit tests in the output and nothing else.

def get_closest_vowel(word):
    """You are given a word. Your task is to find the closest vowel that stands between 
    two consonants from the right side of the word (case sensitive).
    
    Vowels in the beginning and ending doesn't count. Return empty string if you didn't
    find any vowel met the above condition. 

    You may assume that the given string contains English letter only.

    Example:
    get_closest_vowel("yogurt") ==> "u"
    get_closest_vowel("FULL") ==> "U"
    get_closest_vowel("quick") ==> ""
    get_closest_vowel("ab") ==> ""
    """

    if len(word) < 3:
        return ""

    vowels = {"a", "e", "i", "o", "u", "A", "E", 'O', 'U', 'I'}
    for i in range(len(word)-2, 0, -1):
        if word[i] in vowels:
            if (word[i+1] not in vowels) and (word[i-1] not in vowels):
                return word[i]
    return ""

### Response:

response:
You are an AI programming assistant. You are an AI programming assistant, utilizing the DeepSeek Coder model, developed by DeepSeek Company, and you only answer questions related to computer science. For politically sensitive questions, security and privacy issues, and other non-computer science questions, you will refuse to answer.

### Instruction:

Generate a pytest test suite for the following code.
Each test should be a single function.
Use Chain of Thoughts
Only write unit tests in the output and nothing else.

def get_closest_vowel(word):
    """You are given a word. Your task is to find the closest vowel that stands between 
    two consonants from the right side of the word (case sensitive).
    
    Vowels in the beginning and ending doesn't count. Return empty string if you didn't
    find any vowel met the above condition. 

    You may assume that the given string contains English letter only.

    Example:
    get_closest_vowel("yogurt") ==> "u"
    get_closest_vowel("FULL") ==> "U"
    get_closest_vowel("quick") ==> ""
    get_closest_vowel("ab") ==> ""
    """

    if len(word) < 3:
        return ""

    vowels = {"a", "e", "i", "o", "u", "A", "E", 'O', 'U', 'I'}
    for i in range(len(word)-2, 0, -1):
        if word[i] in vowels:
            if (word[i+1] not in vowels) and (word[i-1] not in vowels):
                return word[i]
    return ""

### Response:
Sure, here is a pytest test suite for the given code:

```python
import pytest
from your_module import get_closest_vowel  # replace 'your_module' with the name of your module

def test_get_closest_vowel():
    assert get_closest_vowel("yogurt") == "u"
    assert get_closest_vowel("FULL") == "U"
    assert get_closest_vowel("quick") == ""
    assert get_closest_vowel("ab") == ""
    assert get_closest_vowel("") == ""
    assert get_closest_vowel("a") == ""
    assert get_closest_vowel("e") == ""
    assert get_closest_vowel("i") == ""
    assert get_closest_vowel("o") == ""
    assert get_closest_vowel("u") == ""
    assert get_closest_vowel("AEIOU") == ""
    assert get_closest_vowel("aeiou") == ""
```

Please replace 'your_module' with the name of your module where the `get_closest_vowel` function is defined.

coverage:
100.0
Output: ======================================= test session starts ========================================
platform linux -- Python 3.10.12, pytest-7.4.4, pluggy-1.5.0
rootdir: /content/CS598JBR-Team-9/MP2
plugins: cov-5.0.0, typeguard-4.3.0, anyio-3.7.1
collected 3 items

cov_test.py ...                                                                              [100%]

---------- coverage: platform linux, python 3.10.12-final-0 ----------
Coverage JSON written to file Coverage/HumanEval_87_crafted_report.json


======================================== 3 passed in 0.04s =========================================

Errors: 
Pytest with coverage ran successfully.
Coverage/HumanEval_87_crafted_report.json
Code coverage: 100.0%
Removed cov.py and cov_test.py
Task_ID HumanEval/87:
prompt:
You are an AI programming assistant. You are an AI programming assistant, utilizing the DeepSeek Coder model, developed by DeepSeek Company, and you only answer questions related to computer science. For politically sensitive questions, security and privacy issues, and other non-computer science questions, you will refuse to answer.

### Instruction:

Generate a pytest test suite for the following code.
Each test should be a single function.
Use Chain of Thoughts
Only write unit tests in the output and nothing else.

def get_row(lst, x):
    """
    You are given a 2 dimensional data, as a nested lists,
    which is similar to matrix, however, unlike matrices,
    each row may contain a different number of columns.
    Given lst, and integer x, find integers x in the list,
    and return list of tuples, [(x1, y1), (x2, y2) ...] such that
    each tuple is a coordinate - (row, columns), starting with 0.
    Sort coordinates initially by rows in ascending order.
    Also, sort coordinates of the row by columns in descending order.
    
    Examples:
    get_row([
      [1,2,3,4,5,6],
      [1,2,3,4,1,6],
      [1,2,3,4,5,1]
    ], 1) == [(0, 0), (1, 4), (1, 0), (2, 5), (2, 0)]
    get_row([], 1) == []
    get_row([[], [1], [1, 2, 3]], 3) == [(2, 2)]
    """

    coords = [(i, j) for i in range(len(lst)) for j in range(len(lst[i])) if lst[i][j] == x]
    return sorted(sorted(coords, key=lambda x: x[1], reverse=True), key=lambda x: x[0])

### Response:

response:
You are an AI programming assistant. You are an AI programming assistant, utilizing the DeepSeek Coder model, developed by DeepSeek Company, and you only answer questions related to computer science. For politically sensitive questions, security and privacy issues, and other non-computer science questions, you will refuse to answer.

### Instruction:

Generate a pytest test suite for the following code.
Each test should be a single function.
Use Chain of Thoughts
Only write unit tests in the output and nothing else.

def get_row(lst, x):
    """
    You are given a 2 dimensional data, as a nested lists,
    which is similar to matrix, however, unlike matrices,
    each row may contain a different number of columns.
    Given lst, and integer x, find integers x in the list,
    and return list of tuples, [(x1, y1), (x2, y2) ...] such that
    each tuple is a coordinate - (row, columns), starting with 0.
    Sort coordinates initially by rows in ascending order.
    Also, sort coordinates of the row by columns in descending order.
    
    Examples:
    get_row([
      [1,2,3,4,5,6],
      [1,2,3,4,1,6],
      [1,2,3,4,5,1]
    ], 1) == [(0, 0), (1, 4), (1, 0), (2, 5), (2, 0)]
    get_row([], 1) == []
    get_row([[], [1], [1, 2, 3]], 3) == [(2, 2)]
    """

    coords = [(i, j) for i in range(len(lst)) for j in range(len(lst[i])) if lst[i][j] == x]
    return sorted(sorted(coords, key=lambda x: x[1], reverse=True), key=lambda x: x[0])

### Response:
Sure, here is a pytest test suite for the given code:

```python
import pytest
from your_module import get_row  # replace 'your_module' with the name of your module

def test_get_row_1():
    lst = [
      [1,2,3,4,5,6],
      [1,2,3,4,1,6],
      [1,2,3,4,5,1]
    ]
    x = 1
    assert get_row(lst, x) == [(0, 0), (1, 4), (1, 0), (2, 5), (2, 0)]

def test_get_row_2():
    lst = []
    x = 1
    assert get_row(lst, x) == []

def test_get_row_3():
    lst = [[], [1], [1, 2, 3]]
    x = 3
    assert get_row(lst, x) == [(2, 2)]
```

Please replace 'your_module' with the name of your module where the `get_row` function is defined.

coverage:
100.0
Output: ======================================= test session starts ========================================
platform linux -- Python 3.10.12, pytest-7.4.4, pluggy-1.5.0
rootdir: /content/CS598JBR-Team-9/MP2
plugins: cov-5.0.0, typeguard-4.3.0, anyio-3.7.1
collected 6 items

cov_test.py ..F...                                                                           [100%]

============================================= FAILURES =============================================
_____________________________________ test_is_multiply_prime_3 _____________________________________

    def test_is_multiply_prime_3():
>       assert is_multiply_prime(90) == True
E       assert False == True
E        +  where False = is_multiply_prime(90)

cov_test.py:8: AssertionError

---------- coverage: platform linux, python 3.10.12-final-0 ----------
Coverage JSON written to file Coverage/HumanEval_75_crafted_report.json

===================================== short test summary info ======================================
FAILED cov_test.py::test_is_multiply_prime_3 - assert False == True
=================================== 1 failed, 5 passed in 1.05s ====================================

Errors: 
Pytest failed with return code: 1
Coverage/HumanEval_75_crafted_report.json
Code coverage: 100.0%
Removed cov.py and cov_test.py
Task_ID HumanEval/75:
prompt:
You are an AI programming assistant. You are an AI programming assistant, utilizing the DeepSeek Coder model, developed by DeepSeek Company, and you only answer questions related to computer science. For politically sensitive questions, security and privacy issues, and other non-computer science questions, you will refuse to answer.

### Instruction:

Generate a pytest test suite for the following code.
Each test should be a single function.
Use Chain of Thoughts
Only write unit tests in the output and nothing else.

def is_multiply_prime(a):
    """Write a function that returns true if the given number is the multiplication of 3 prime numbers
    and false otherwise.
    Knowing that (a) is less then 100. 
    Example:
    is_multiply_prime(30) == True
    30 = 2 * 3 * 5
    """

    def is_prime(n):
        for j in range(2,n):
            if n%j == 0:
                return False
        return True

    for i in range(2,101):
        if not is_prime(i): continue
        for j in range(2,101):
            if not is_prime(j): continue
            for k in range(2,101):
                if not is_prime(k): continue
                if i*j*k == a: return True
    return False

### Response:

response:
You are an AI programming assistant. You are an AI programming assistant, utilizing the DeepSeek Coder model, developed by DeepSeek Company, and you only answer questions related to computer science. For politically sensitive questions, security and privacy issues, and other non-computer science questions, you will refuse to answer.

### Instruction:

Generate a pytest test suite for the following code.
Each test should be a single function.
Use Chain of Thoughts
Only write unit tests in the output and nothing else.

def is_multiply_prime(a):
    """Write a function that returns true if the given number is the multiplication of 3 prime numbers
    and false otherwise.
    Knowing that (a) is less then 100. 
    Example:
    is_multiply_prime(30) == True
    30 = 2 * 3 * 5
    """

    def is_prime(n):
        for j in range(2,n):
            if n%j == 0:
                return False
        return True

    for i in range(2,101):
        if not is_prime(i): continue
        for j in range(2,101):
            if not is_prime(j): continue
            for k in range(2,101):
                if not is_prime(k): continue
                if i*j*k == a: return True
    return False

### Response:
Sure, here is a pytest test suite for the given code:

```python
import pytest
from your_module import is_multiply_prime

def test_is_multiply_prime_1():
    assert is_multiply_prime(30) == True

def test_is_multiply_prime_2():
    assert is_multiply_prime(31) == False

def test_is_multiply_prime_3():
    assert is_multiply_prime(90) == True

def test_is_multiply_prime_4():
    assert is_multiply_prime(91) == False

def test_is_multiply_prime_5():
    assert is_multiply_prime(27) == True

def test_is_multiply_prime_6():
    assert is_multiply_prime(29) == False
```

Please replace `your_module` with the actual name of the module where the `is_multiply_prime` function is defined.

coverage:
100.0
Output: ======================================= test session starts ========================================
platform linux -- Python 3.10.12, pytest-7.4.4, pluggy-1.5.0
rootdir: /content/CS598JBR-Team-9/MP2
plugins: cov-5.0.0, typeguard-4.3.0, anyio-3.7.1
collected 4 items

cov_test.py ....                                                                             [100%]

---------- coverage: platform linux, python 3.10.12-final-0 ----------
Coverage JSON written to file Coverage/HumanEval_55_crafted_report.json


======================================== 4 passed in 0.06s =========================================

Errors: 
Pytest with coverage ran successfully.
Coverage/HumanEval_55_crafted_report.json
Code coverage: 100.0%
Removed cov.py and cov_test.py
Task_ID HumanEval/55:
prompt:
You are an AI programming assistant. You are an AI programming assistant, utilizing the DeepSeek Coder model, developed by DeepSeek Company, and you only answer questions related to computer science. For politically sensitive questions, security and privacy issues, and other non-computer science questions, you will refuse to answer.

### Instruction:

Generate a pytest test suite for the following code.
Each test should be a single function.
Use Chain of Thoughts
Only write unit tests in the output and nothing else.


def fib(n: int):
    """Return n-th Fibonacci number.
    >>> fib(10)
    55
    >>> fib(1)
    1
    >>> fib(8)
    21
    """

    if n == 0:
        return 0
    if n == 1:
        return 1
    return fib(n - 1) + fib(n - 2)

### Response:

response:
You are an AI programming assistant. You are an AI programming assistant, utilizing the DeepSeek Coder model, developed by DeepSeek Company, and you only answer questions related to computer science. For politically sensitive questions, security and privacy issues, and other non-computer science questions, you will refuse to answer.

### Instruction:

Generate a pytest test suite for the following code.
Each test should be a single function.
Use Chain of Thoughts
Only write unit tests in the output and nothing else.


def fib(n: int):
    """Return n-th Fibonacci number.
    >>> fib(10)
    55
    >>> fib(1)
    1
    >>> fib(8)
    21
    """

    if n == 0:
        return 0
    if n == 1:
        return 1
    return fib(n - 1) + fib(n - 2)

### Response:
Sure, here is a pytest test suite for the given code:

```python
import pytest
from your_module import fib  # replace 'your_module' with the name of the module where the fib function is defined

def test_fib_zero():
    assert fib(0) == 0

def test_fib_first():
    assert fib(1) == 1

def test_fib_positive():
    assert fib(10) == 55
    assert fib(8) == 21

def test_fib_negative():
    with pytest.raises(RecursionError):
        fib(-1)
```

This test suite includes:

- A test for the base case of the Fibonacci sequence (0)
- A test for the first Fibonacci number (1)
- Tests for positive integers in the Fibonacci sequence
- A test for a negative integer to ensure the function raises a RecursionError

coverage:
100.0
Output: ======================================= test session starts ========================================
platform linux -- Python 3.10.12, pytest-7.4.4, pluggy-1.5.0
rootdir: /content/CS598JBR-Team-9/MP2
plugins: cov-5.0.0, typeguard-4.3.0, anyio-3.7.1
collected 4 items

cov_test.py ...F                                                                             [100%]

============================================= FAILURES =============================================
______________________________ test_below_threshold_threshold_is_min _______________________________

    def test_below_threshold_threshold_is_min():
>       assert below_threshold([1, 2, 3], 0)
E       assert False
E        +  where False = below_threshold([1, 2, 3], 0)

cov_test.py:10: AssertionError

---------- coverage: platform linux, python 3.10.12-final-0 ----------
Coverage JSON written to file Coverage/HumanEval_52_crafted_report.json

===================================== short test summary info ======================================
FAILED cov_test.py::test_below_threshold_threshold_is_min - assert False
=================================== 1 failed, 3 passed in 0.04s ====================================

Errors: 
Pytest failed with return code: 1
Coverage/HumanEval_52_crafted_report.json
Code coverage: 100.0%
Removed cov.py and cov_test.py
Task_ID HumanEval/52:
prompt:
You are an AI programming assistant. You are an AI programming assistant, utilizing the DeepSeek Coder model, developed by DeepSeek Company, and you only answer questions related to computer science. For politically sensitive questions, security and privacy issues, and other non-computer science questions, you will refuse to answer.

### Instruction:

Generate a pytest test suite for the following code.
Each test should be a single function.
Use Chain of Thoughts
Only write unit tests in the output and nothing else.


def below_threshold(l: list, t: int):
    """Return True if all numbers in the list l are below threshold t.
    >>> below_threshold([1, 2, 4, 10], 100)
    True
    >>> below_threshold([1, 20, 4, 10], 5)
    False
    """

    for e in l:
        if e >= t:
            return False
    return True

### Response:

response:
You are an AI programming assistant. You are an AI programming assistant, utilizing the DeepSeek Coder model, developed by DeepSeek Company, and you only answer questions related to computer science. For politically sensitive questions, security and privacy issues, and other non-computer science questions, you will refuse to answer.

### Instruction:

Generate a pytest test suite for the following code.
Each test should be a single function.
Use Chain of Thoughts
Only write unit tests in the output and nothing else.


def below_threshold(l: list, t: int):
    """Return True if all numbers in the list l are below threshold t.
    >>> below_threshold([1, 2, 4, 10], 100)
    True
    >>> below_threshold([1, 20, 4, 10], 5)
    False
    """

    for e in l:
        if e >= t:
            return False
    return True

### Response:
Sure, here is a pytest test suite for the given code:

```python
import pytest
from your_module import below_threshold  # replace with your actual module

def test_below_threshold_all_below_threshold():
    assert below_threshold([1, 2, 4, 10], 100)

def test_below_threshold_not_all_below_threshold():
    assert not below_threshold([1, 20, 4, 10], 5)

def test_below_threshold_empty_list():
    assert below_threshold([], 10)

def test_below_threshold_threshold_is_min():
    assert below_threshold([1, 2, 3], 0)
```

This suite includes tests for the following scenarios:

- All numbers in the list are below the threshold.
- Not all numbers in the list are below the threshold.
- The list is empty.
- The threshold is the minimum possible value.

coverage:
100.0
Output: ======================================= test session starts ========================================
platform linux -- Python 3.10.12, pytest-7.4.4, pluggy-1.5.0
rootdir: /content/CS598JBR-Team-9/MP2
plugins: cov-5.0.0, typeguard-4.3.0, anyio-3.7.1
collected 8 items

cov_test.py ........                                                                         [100%]

---------- coverage: platform linux, python 3.10.12-final-0 ----------
Coverage JSON written to file Coverage/HumanEval_157_crafted_report.json


======================================== 8 passed in 0.05s =========================================

Errors: 
Pytest with coverage ran successfully.
Coverage/HumanEval_157_crafted_report.json
Code coverage: 100.0%
Removed cov.py and cov_test.py
Task_ID HumanEval/157:
prompt:
You are an AI programming assistant. You are an AI programming assistant, utilizing the DeepSeek Coder model, developed by DeepSeek Company, and you only answer questions related to computer science. For politically sensitive questions, security and privacy issues, and other non-computer science questions, you will refuse to answer.

### Instruction:

Generate a pytest test suite for the following code.
Each test should be a single function.
Use Chain of Thoughts
Only write unit tests in the output and nothing else.

def right_angle_triangle(a, b, c):
    '''
    Given the lengths of the three sides of a triangle. Return True if the three
    sides form a right-angled triangle, False otherwise.
    A right-angled triangle is a triangle in which one angle is right angle or 
    90 degree.
    Example:
    right_angle_triangle(3, 4, 5) == True
    right_angle_triangle(1, 2, 3) == False
    '''

    return a*a == b*b + c*c or b*b == a*a + c*c or c*c == a*a + b*b

### Response:

response:
You are an AI programming assistant. You are an AI programming assistant, utilizing the DeepSeek Coder model, developed by DeepSeek Company, and you only answer questions related to computer science. For politically sensitive questions, security and privacy issues, and other non-computer science questions, you will refuse to answer.

### Instruction:

Generate a pytest test suite for the following code.
Each test should be a single function.
Use Chain of Thoughts
Only write unit tests in the output and nothing else.

def right_angle_triangle(a, b, c):
    '''
    Given the lengths of the three sides of a triangle. Return True if the three
    sides form a right-angled triangle, False otherwise.
    A right-angled triangle is a triangle in which one angle is right angle or 
    90 degree.
    Example:
    right_angle_triangle(3, 4, 5) == True
    right_angle_triangle(1, 2, 3) == False
    '''

    return a*a == b*b + c*c or b*b == a*a + c*c or c*c == a*a + b*b

### Response:
Sure, here is a pytest test suite for the given code:

```python
import pytest
from your_module import right_angle_triangle

def test_right_angle_triangle_1():
    assert right_angle_triangle(3, 4, 5) == True

def test_right_angle_triangle_2():
    assert right_angle_triangle(1, 2, 3) == False

def test_right_angle_triangle_3():
    assert right_angle_triangle(5, 12, 13) == True

def test_right_angle_triangle_4():
    assert right_angle_triangle(6, 8, 10) == True

def test_right_angle_triangle_5():
    assert right_angle_triangle(7, 24, 25) == True

def test_right_angle_triangle_6():
    assert right_angle_triangle(3, 6, 8) == False

def test_right_angle_triangle_7():
    assert right_angle_triangle(1, 1, 1) == False

def test_right_angle_triangle_8():
    assert right_angle_triangle(2, 4, 7) == False
```

Please replace `your_module` with the actual name of the module where the `right_angle_triangle` function is defined.

coverage:
100.0
Output: ======================================= test session starts ========================================
platform linux -- Python 3.10.12, pytest-7.4.4, pluggy-1.5.0
rootdir: /content/CS598JBR-Team-9/MP2
plugins: cov-5.0.0, typeguard-4.3.0, anyio-3.7.1
collected 3 items

cov_test.py ..F                                                                              [100%]

============================================= FAILURES =============================================
_________________________________ test_decimal_to_binary_negative __________________________________

    def test_decimal_to_binary_negative():
>       assert decimal_to_binary(-15) == "db-1111db"
E       AssertionError: assert 'dbb1111db' == 'db-1111db'
E         - db-1111db
E         ?   ^
E         + dbb1111db
E         ?   ^

cov_test.py:9: AssertionError

---------- coverage: platform linux, python 3.10.12-final-0 ----------
Coverage JSON written to file Coverage/HumanEval_79_crafted_report.json

===================================== short test summary info ======================================
FAILED cov_test.py::test_decimal_to_binary_negative - AssertionError: assert 'dbb1111db' == 'db-1...
=================================== 1 failed, 2 passed in 0.04s ====================================

Errors: 
Pytest failed with return code: 1
Coverage/HumanEval_79_crafted_report.json
Code coverage: 100.0%
Removed cov.py and cov_test.py
Task_ID HumanEval/79:
prompt:
You are an AI programming assistant. You are an AI programming assistant, utilizing the DeepSeek Coder model, developed by DeepSeek Company, and you only answer questions related to computer science. For politically sensitive questions, security and privacy issues, and other non-computer science questions, you will refuse to answer.

### Instruction:

Generate a pytest test suite for the following code.
Each test should be a single function.
Use Chain of Thoughts
Only write unit tests in the output and nothing else.

def decimal_to_binary(decimal):
    """You will be given a number in decimal form and your task is to convert it to
    binary format. The function should return a string, with each character representing a binary
    number. Each character in the string will be '0' or '1'.

    There will be an extra couple of characters 'db' at the beginning and at the end of the string.
    The extra characters are there to help with the format.

    Examples:
    decimal_to_binary(15)   # returns "db1111db"
    decimal_to_binary(32)   # returns "db100000db"
    """

    return "db" + bin(decimal)[2:] + "db"

### Response:

response:
You are an AI programming assistant. You are an AI programming assistant, utilizing the DeepSeek Coder model, developed by DeepSeek Company, and you only answer questions related to computer science. For politically sensitive questions, security and privacy issues, and other non-computer science questions, you will refuse to answer.

### Instruction:

Generate a pytest test suite for the following code.
Each test should be a single function.
Use Chain of Thoughts
Only write unit tests in the output and nothing else.

def decimal_to_binary(decimal):
    """You will be given a number in decimal form and your task is to convert it to
    binary format. The function should return a string, with each character representing a binary
    number. Each character in the string will be '0' or '1'.

    There will be an extra couple of characters 'db' at the beginning and at the end of the string.
    The extra characters are there to help with the format.

    Examples:
    decimal_to_binary(15)   # returns "db1111db"
    decimal_to_binary(32)   # returns "db100000db"
    """

    return "db" + bin(decimal)[2:] + "db"

### Response:
Sure, here is a pytest test suite for the given code:

```python
import pytest
from your_module import decimal_to_binary  # replace with your actual module

def test_decimal_to_binary_positive():
    assert decimal_to_binary(15) == "db1111db"
    assert decimal_to_binary(32) == "db100000db"

def test_decimal_to_binary_zero():
    assert decimal_to_binary(0) == "db0db"

def test_decimal_to_binary_negative():
    assert decimal_to_binary(-15) == "db-1111db"
```

Please replace `your_module` with the actual name of your module. This test suite includes three tests:

1. `test_decimal_to_binary_positive` tests the function with positive integers.
2. `test_decimal_to_binary_zero` tests the function with zero.
3. `test_decimal_to_binary_negative` tests the function with negative integers.

Each test checks that the function returns the correct binary representation of the input.

coverage:
100.0
